<?xml version="1.0" encoding="UTF-8"?>
<coverage generated="1507167630322" clover="3.2.0">
  <project timestamp="1507167630322" name="All files">
    <metrics statements="16" coveredstatements="14" conditionals="6" coveredconditionals="4" methods="5" coveredmethods="5" elements="27" coveredelements="23" complexity="0" loc="16" ncloc="16" packages="1" files="5" classes="5">
      <file name="area-of-circle-arrow-fn.js" path="/Users/lucachaves/code/github/ifpb/ls/codes/ecma/tasks/area-of-circle-arrow-fn.js">
        <metrics statements="2" coveredstatements="2" conditionals="0" coveredconditionals="0" methods="1" coveredmethods="1"/>
        <line num="3" count="6" type="stmt"/>
        <line num="6" count="3" type="stmt"/>
      </file>
      <file name="calc.js" path="/Users/lucachaves/code/github/ifpb/ls/codes/ecma/tasks/calc.js">
        <metrics statements="6" coveredstatements="4" conditionals="4" coveredconditionals="2" methods="1" coveredmethods="1"/>
        <line num="3" count="2" type="cond" truecount="2" falsecount="2"/>
        <line num="5" count="1" type="stmt"/>
        <line num="7" count="0" type="stmt"/>
        <line num="9" count="1" type="stmt"/>
        <line num="11" count="0" type="stmt"/>
        <line num="16" count="1" type="stmt"/>
      </file>
      <file name="factorial.js" path="/Users/lucachaves/code/github/ifpb/ls/codes/ecma/tasks/factorial.js">
        <metrics statements="4" coveredstatements="4" conditionals="2" coveredconditionals="2" methods="1" coveredmethods="1"/>
        <line num="2" count="14" type="cond" truecount="2" falsecount="0"/>
        <line num="3" count="10" type="stmt"/>
        <line num="5" count="4" type="stmt"/>
        <line num="8" count="1" type="stmt"/>
      </file>
      <file name="fibonacci.js" path="/Users/lucachaves/code/github/ifpb/ls/codes/ecma/tasks/fibonacci.js">
        <metrics statements="2" coveredstatements="2" conditionals="0" coveredconditionals="0" methods="1" coveredmethods="1"/>
        <line num="2" count="2" type="stmt"/>
        <line num="5" count="1" type="stmt"/>
      </file>
      <file name="sum.js" path="/Users/lucachaves/code/github/ifpb/ls/codes/ecma/tasks/sum.js">
        <metrics statements="2" coveredstatements="2" conditionals="0" coveredconditionals="0" methods="1" coveredmethods="1"/>
        <line num="2" count="2" type="stmt"/>
        <line num="5" count="1" type="stmt"/>
      </file>
    </metrics>
  </project>
</coverage>
