{"/Users/lucachaves/code/github/ifpb/ls/codes/ecma/tasks/area-of-circle-arrow-fn.js": {"path":"/Users/lucachaves/code/github/ifpb/ls/codes/ecma/tasks/area-of-circle-arrow-fn.js","statementMap":{"0":{"start":{"line":3,"column":2},"end":{"line":3,"column":30}},"1":{"start":{"line":6,"column":0},"end":{"line":6,"column":29}}},"fnMap":{"0":{"name":"areaOfCircle","decl":{"start":{"line":2,"column":9},"end":{"line":2,"column":21}},"loc":{"start":{"line":2,"column":29},"end":{"line":4,"column":1}},"line":2}},"branchMap":{},"s":{"0":6,"1":3},"f":{"0":6},"b":{},"_coverageSchema":"332fd63041d2c1bcb487cc26dd0d5f7d97098a6c","hash":"2b268790ddb0626cc674d4986038daa4d571724c"}
,"/Users/lucachaves/code/github/ifpb/ls/codes/ecma/tasks/calc.js": {"path":"/Users/lucachaves/code/github/ifpb/ls/codes/ecma/tasks/calc.js","statementMap":{"0":{"start":{"line":3,"column":2},"end":{"line":12,"column":3}},"1":{"start":{"line":5,"column":6},"end":{"line":5,"column":52}},"2":{"start":{"line":7,"column":6},"end":{"line":7,"column":32}},"3":{"start":{"line":9,"column":6},"end":{"line":9,"column":32}},"4":{"start":{"line":11,"column":6},"end":{"line":11,"column":32}},"5":{"start":{"line":16,"column":0},"end":{"line":16,"column":21}}},"fnMap":{"0":{"name":"calc","decl":{"start":{"line":2,"column":9},"end":{"line":2,"column":13}},"loc":{"start":{"line":2,"column":43},"end":{"line":13,"column":1}},"line":2}},"branchMap":{"0":{"loc":{"start":{"line":3,"column":2},"end":{"line":12,"column":3}},"type":"switch","locations":[{"start":{"line":4,"column":4},"end":{"line":5,"column":52}},{"start":{"line":6,"column":4},"end":{"line":7,"column":32}},{"start":{"line":8,"column":4},"end":{"line":9,"column":32}},{"start":{"line":10,"column":4},"end":{"line":11,"column":32}}],"line":3}},"s":{"0":2,"1":1,"2":0,"3":1,"4":0,"5":1},"f":{"0":2},"b":{"0":[1,0,1,0]},"_coverageSchema":"332fd63041d2c1bcb487cc26dd0d5f7d97098a6c","hash":"23c37ff92a5b488151b9e4003e72892b65a7407f"}
,"/Users/lucachaves/code/github/ifpb/ls/codes/ecma/tasks/factorial.js": {"path":"/Users/lucachaves/code/github/ifpb/ls/codes/ecma/tasks/factorial.js","statementMap":{"0":{"start":{"line":2,"column":2},"end":{"line":5,"column":12}},"1":{"start":{"line":3,"column":4},"end":{"line":3,"column":39}},"2":{"start":{"line":5,"column":4},"end":{"line":5,"column":12}},"3":{"start":{"line":8,"column":0},"end":{"line":8,"column":26}}},"fnMap":{"0":{"name":"factorial","decl":{"start":{"line":1,"column":9},"end":{"line":1,"column":18}},"loc":{"start":{"line":1,"column":26},"end":{"line":6,"column":1}},"line":1}},"branchMap":{"0":{"loc":{"start":{"line":2,"column":2},"end":{"line":5,"column":12}},"type":"if","locations":[{"start":{"line":2,"column":2},"end":{"line":5,"column":12}},{"start":{"line":2,"column":2},"end":{"line":5,"column":12}}],"line":2}},"s":{"0":14,"1":10,"2":4,"3":1},"f":{"0":14},"b":{"0":[10,4]},"_coverageSchema":"332fd63041d2c1bcb487cc26dd0d5f7d97098a6c","hash":"a51c9aa1c309bbcec90debc1be05218dfc21ed8b"}
,"/Users/lucachaves/code/github/ifpb/ls/codes/ecma/tasks/fibonacci.js": {"path":"/Users/lucachaves/code/github/ifpb/ls/codes/ecma/tasks/fibonacci.js","statementMap":{"0":{"start":{"line":2,"column":2},"end":{"line":2,"column":11}},"1":{"start":{"line":5,"column":0},"end":{"line":5,"column":26}}},"fnMap":{"0":{"name":"fibonacci","decl":{"start":{"line":1,"column":9},"end":{"line":1,"column":18}},"loc":{"start":{"line":1,"column":26},"end":{"line":3,"column":1}},"line":1}},"branchMap":{},"s":{"0":2,"1":1},"f":{"0":2},"b":{},"_coverageSchema":"332fd63041d2c1bcb487cc26dd0d5f7d97098a6c","hash":"fc347d289bd826b7edfe4d2a2c9cd9c5882b9053"}
,"/Users/lucachaves/code/github/ifpb/ls/codes/ecma/tasks/sum.js": {"path":"/Users/lucachaves/code/github/ifpb/ls/codes/ecma/tasks/sum.js","statementMap":{"0":{"start":{"line":2,"column":2},"end":{"line":2,"column":14}},"1":{"start":{"line":5,"column":0},"end":{"line":5,"column":20}}},"fnMap":{"0":{"name":"sum","decl":{"start":{"line":1,"column":9},"end":{"line":1,"column":12}},"loc":{"start":{"line":1,"column":19},"end":{"line":3,"column":1}},"line":1}},"branchMap":{},"s":{"0":2,"1":1},"f":{"0":2},"b":{},"_coverageSchema":"332fd63041d2c1bcb487cc26dd0d5f7d97098a6c","hash":"ec371a984743adb247fa258e27da94e9f7984fa7"}
}
