TN:
SF:/Users/lucachaves/code/github/ifpb/ls/codes/ecma/tasks/area-of-circle-arrow-fn.js
FN:2,areaOfCircle
FNF:1
FNH:1
FNDA:6,areaOfCircle
DA:3,6
DA:6,3
LF:2
LH:2
BRF:0
BRH:0
end_of_record
TN:
SF:/Users/lucachaves/code/github/ifpb/ls/codes/ecma/tasks/calc.js
FN:2,calc
FNF:1
FNH:1
FNDA:2,calc
DA:3,2
DA:5,1
DA:7,0
DA:9,1
DA:11,0
DA:16,1
LF:6
LH:4
BRDA:3,0,0,1
BRDA:3,0,1,0
BRDA:3,0,2,1
BRDA:3,0,3,0
BRF:4
BRH:2
end_of_record
TN:
SF:/Users/lucachaves/code/github/ifpb/ls/codes/ecma/tasks/factorial.js
FN:1,factorial
FNF:1
FNH:1
FNDA:14,factorial
DA:2,14
DA:3,10
DA:5,4
DA:8,1
LF:4
LH:4
BRDA:2,0,0,10
BRDA:2,0,1,4
BRF:2
BRH:2
end_of_record
TN:
SF:/Users/lucachaves/code/github/ifpb/ls/codes/ecma/tasks/fibonacci.js
FN:1,fibonacci
FNF:1
FNH:1
FNDA:2,fibonacci
DA:2,2
DA:5,1
LF:2
LH:2
BRF:0
BRH:0
end_of_record
TN:
SF:/Users/lucachaves/code/github/ifpb/ls/codes/ecma/tasks/sum.js
FN:1,sum
FNF:1
FNH:1
FNDA:2,sum
DA:2,2
DA:5,1
LF:2
LH:2
BRF:0
BRH:0
end_of_record
